<?xml version="1.0" encoding="UTF-8"?>
<!-- Generated by org.testng.reporters.JUnitReportReporter -->
<testsuite hostname="Hen-Windows" name="tevaCastel.startCharge"
	tests="1" failures="0" timestamp="6 Dec 2016 08:52:49 GMT" time="0.233"
	errors="0">
	<testcase name="fullCahrge" time="0.233" classname="tevaCastel.startCharge" />
</testsuite> <!-- tevaCastel.startCharge -->
