<?xml version="1.0" encoding="UTF-8"?>
<!-- Generated by org.testng.reporters.JUnitReportReporter -->
<testsuite hostname="Hen-Windows" name="infra.LoginTests"
	tests="1" failures="0" timestamp="4 Dec 2016 14:27:22 GMT" time="3.945"
	errors="0">
	<testcase name="testFailedLogin" time="3.945" classname="infra.LoginTests" />
</testsuite> <!-- infra.LoginTests -->
