<?xml version="1.0" encoding="UTF-8"?>
<!-- Generated by org.testng.reporters.JUnitReportReporter -->
<testsuite hostname="Hen-Windows" name="tenBis.TestJob" tests="1" failures="0" timestamp="17 Dec 2016 14:53:41 GMT" time="31.547" errors="0">
  <testcase name="TestMyDesirePriceAndSendMeAnEmailWhenDone" time="31.547" classname="tenBis.TestJob"/>
</testsuite> <!-- tenBis.TestJob -->
