<?xml version="1.0" encoding="UTF-8"?>
<!-- Generated by org.testng.reporters.JUnitReportReporter -->
<testsuite hostname="Hen-Windows" name="vitaCost.TestAmmount"
	tests="1" failures="0" timestamp="13 Dec 2016 11:20:09 GMT" time="10.065"
	errors="0">
	<testcase name="TestMyDesirePriceAndSendMeAnEmailWhenDone"
		time="10.065" classname="vitaCost.TestAmmount" />
</testsuite> <!-- vitaCost.TestAmmount -->
